[0.011s] Invoking command in '/home/starmaninja/Desktop/RBOT-250/Assignments/RBOT-250_Assignment-3/Assignment_3_ROS/rbot250_A3_ws/build/rbot250': CMAKE_PREFIX_PATH=${CMAKE_PREFIX_PATH}:/opt/ros/rolling /usr/bin/cmake --build /home/starmaninja/Desktop/RBOT-250/Assignments/RBOT-250_Assignment-3/Assignment_3_ROS/rbot250_A3_ws/build/rbot250 -- -j4 -l4
[0.029s] -- Found ament_cmake: 1.1.4 (/opt/ros/rolling/share/ament_cmake/cmake)
[0.046s] -- Using PYTHON_EXECUTABLE: /usr/bin/python3
[0.091s] -- Found geometry_msgs: 3.0.0 (/opt/ros/rolling/share/geometry_msgs/cmake)
[0.113s] -- Using all available rosidl_typesupport_c: rosidl_typesupport_fastrtps_c;rosidl_typesupport_introspection_c
[0.117s] -- Found rosidl_adapter: 2.5.0 (/opt/ros/rolling/share/rosidl_adapter/cmake)
[0.149s] -- Using all available rosidl_typesupport_cpp: rosidl_typesupport_fastrtps_cpp;rosidl_typesupport_introspection_cpp
[0.217s] -- Found rclcpp: 13.0.0 (/opt/ros/rolling/share/rclcpp/cmake)
[0.256s] -- Found rmw_implementation_cmake: 5.0.0 (/opt/ros/rolling/share/rmw_implementation_cmake/cmake)
[0.258s] -- Found rmw_cyclonedds_cpp: 0.24.0 (/opt/ros/rolling/share/rmw_cyclonedds_cpp/cmake)
[0.273s] -- Using RMW implementation 'rmw_cyclonedds_cpp' as default
[0.274s] -- Looking for pthread.h
[0.321s] -- Looking for pthread.h - found
[0.322s] -- Performing Test CMAKE_HAVE_LIBC_PTHREAD
[0.373s] -- Performing Test CMAKE_HAVE_LIBC_PTHREAD - Failed
[0.374s] -- Looking for pthread_create in pthreads
[0.409s] -- Looking for pthread_create in pthreads - not found
[0.410s] -- Looking for pthread_create in pthread
[0.462s] -- Looking for pthread_create in pthread - found
[0.463s] -- Found Threads: TRUE  
[0.573s] -- Found rclpy: 3.0.1 (/opt/ros/rolling/share/rclpy/cmake)
[0.575s] -- Found sensor_msgs: 3.0.0 (/opt/ros/rolling/share/sensor_msgs/cmake)
[0.643s] -- Found trajectory_msgs: 3.0.0 (/opt/ros/rolling/share/trajectory_msgs/cmake)
[0.710s] CMake Error at CMakeLists.txt:23 (target_include_directories):
[0.710s]   Cannot specify include directories for target "assignment_3" which is not
[0.710s]   built by this project.
[0.710s] 
[0.710s] 
[0.710s] CMake Error at CMakeLists.txt:26 (target_compile_features):
[0.710s]   Cannot specify compile features for target "assignment_3" which is not
[0.710s]   built by this project.
[0.711s] 
[0.711s] 
[0.754s] -- Configuring incomplete, errors occurred!
[0.754s] See also "/home/starmaninja/Desktop/RBOT-250/Assignments/RBOT-250_Assignment-3/Assignment_3_ROS/rbot250_A3_ws/build/rbot250/CMakeFiles/CMakeOutput.log".
[0.754s] See also "/home/starmaninja/Desktop/RBOT-250/Assignments/RBOT-250_Assignment-3/Assignment_3_ROS/rbot250_A3_ws/build/rbot250/CMakeFiles/CMakeError.log".
[0.757s] make: *** [Makefile:266: cmake_check_build_system] Error 1
[0.760s] Invoked command in '/home/starmaninja/Desktop/RBOT-250/Assignments/RBOT-250_Assignment-3/Assignment_3_ROS/rbot250_A3_ws/build/rbot250' returned '2': CMAKE_PREFIX_PATH=${CMAKE_PREFIX_PATH}:/opt/ros/rolling /usr/bin/cmake --build /home/starmaninja/Desktop/RBOT-250/Assignments/RBOT-250_Assignment-3/Assignment_3_ROS/rbot250_A3_ws/build/rbot250 -- -j4 -l4
