[0.222s] DEBUG:colcon:Command line arguments: ['/usr/bin/colcon', 'build', '--packages-select', 'rbot250']
[0.222s] DEBUG:colcon:Parsed command line arguments: Namespace(ament_cmake_args=None, base_paths=['.'], build_base='build', catkin_cmake_args=None, catkin_skip_building_tests=False, cmake_args=None, cmake_clean_cache=False, cmake_clean_first=False, cmake_force_configure=False, cmake_target=None, cmake_target_skip_unavailable=False, continue_on_error=False, event_handlers=None, executor='parallel', ignore_user_meta=False, install_base='install', log_base=None, log_level=None, main=<bound method BuildVerb.main of <colcon_core.verb.build.BuildVerb object at 0x7f321aa29490>>, merge_install=False, metas=['./colcon.meta'], packages_above=None, packages_above_and_dependencies=None, packages_above_depth=None, packages_end=None, packages_ignore=None, packages_ignore_regex=None, packages_select=['rbot250'], packages_select_build_failed=False, packages_select_by_dep=None, packages_select_regex=None, packages_select_test_failures=False, packages_skip=None, packages_skip_build_finished=False, packages_skip_by_dep=None, packages_skip_regex=None, packages_skip_test_passed=False, packages_skip_up_to=None, packages_start=None, packages_up_to=None, packages_up_to_regex=None, parallel_workers=4, paths=None, symlink_install=False, test_result_base=None, verb_extension=<colcon_core.verb.build.BuildVerb object at 0x7f321aa29490>, verb_name='build', verb_parser=<colcon_defaults.argument_parser.defaults.DefaultArgumentsDecorator object at 0x7f321aa299d0>)
[0.226s] Level 1:colcon.colcon_core.package_discovery:discover_packages(colcon_meta) check parameters
[0.226s] Level 1:colcon.colcon_core.package_discovery:discover_packages(recursive) check parameters
[0.226s] Level 1:colcon.colcon_core.package_discovery:discover_packages(ignore) check parameters
[0.226s] Level 1:colcon.colcon_core.package_discovery:discover_packages(path) check parameters
[0.226s] Level 1:colcon.colcon_core.package_discovery:discover_packages(colcon_meta) discover
[0.226s] Level 1:colcon.colcon_core.package_discovery:discover_packages(recursive) discover
[0.226s] INFO:colcon.colcon_core.package_discovery:Crawling recursively for packages in '/home/starmaninja/Desktop/RBOT-250/Assignments/RBOT-250_Assignment-3/Assignment_3_ROS/rbot250_A3_ws/src/rbot250'
[0.226s] Level 1:colcon.colcon_core.package_identification:_identify(.) by extensions ['ignore', 'ignore_ament_install']
[0.226s] Level 1:colcon.colcon_core.package_identification:_identify(.) by extension 'ignore'
[0.226s] Level 1:colcon.colcon_core.package_identification:_identify(.) by extension 'ignore_ament_install'
[0.226s] Level 1:colcon.colcon_core.package_identification:_identify(.) by extensions ['colcon_pkg']
[0.226s] Level 1:colcon.colcon_core.package_identification:_identify(.) by extension 'colcon_pkg'
[0.226s] Level 1:colcon.colcon_core.package_identification:_identify(.) by extensions ['colcon_meta']
[0.226s] Level 1:colcon.colcon_core.package_identification:_identify(.) by extension 'colcon_meta'
[0.226s] Level 1:colcon.colcon_core.package_identification:_identify(.) by extensions ['ros']
[0.226s] Level 1:colcon.colcon_core.package_identification:_identify(.) by extension 'ros'
[0.236s] DEBUG:colcon.colcon_core.package_identification:Package '.' with type 'ros.ament_cmake' and name 'rbot250'
[0.236s] Level 1:colcon.colcon_core.package_discovery:discover_packages(recursive) using defaults
[0.236s] Level 1:colcon.colcon_core.package_discovery:discover_packages(ignore) discover
[0.236s] Level 1:colcon.colcon_core.package_discovery:discover_packages(ignore) using defaults
[0.236s] Level 1:colcon.colcon_core.package_discovery:discover_packages(path) discover
[0.236s] Level 1:colcon.colcon_core.package_discovery:discover_packages(path) using defaults
[0.250s] Level 5:colcon.colcon_core.verb:set package 'rbot250' build argument 'cmake_args' from command line to 'None'
[0.250s] Level 5:colcon.colcon_core.verb:set package 'rbot250' build argument 'cmake_target' from command line to 'None'
[0.250s] Level 5:colcon.colcon_core.verb:set package 'rbot250' build argument 'cmake_target_skip_unavailable' from command line to 'False'
[0.250s] Level 5:colcon.colcon_core.verb:set package 'rbot250' build argument 'cmake_clean_cache' from command line to 'False'
[0.250s] Level 5:colcon.colcon_core.verb:set package 'rbot250' build argument 'cmake_clean_first' from command line to 'False'
[0.250s] Level 5:colcon.colcon_core.verb:set package 'rbot250' build argument 'cmake_force_configure' from command line to 'False'
[0.250s] Level 5:colcon.colcon_core.verb:set package 'rbot250' build argument 'ament_cmake_args' from command line to 'None'
[0.250s] Level 5:colcon.colcon_core.verb:set package 'rbot250' build argument 'catkin_cmake_args' from command line to 'None'
[0.250s] Level 5:colcon.colcon_core.verb:set package 'rbot250' build argument 'catkin_skip_building_tests' from command line to 'False'
[0.250s] DEBUG:colcon.colcon_core.verb:Building package 'rbot250' with the following arguments: {'ament_cmake_args': None, 'build_base': '/home/starmaninja/Desktop/RBOT-250/Assignments/RBOT-250_Assignment-3/Assignment_3_ROS/rbot250_A3_ws/src/rbot250/build/rbot250', 'catkin_cmake_args': None, 'catkin_skip_building_tests': False, 'cmake_args': None, 'cmake_clean_cache': False, 'cmake_clean_first': False, 'cmake_force_configure': False, 'cmake_target': None, 'cmake_target_skip_unavailable': False, 'install_base': '/home/starmaninja/Desktop/RBOT-250/Assignments/RBOT-250_Assignment-3/Assignment_3_ROS/rbot250_A3_ws/src/rbot250/install/rbot250', 'merge_install': False, 'path': '/home/starmaninja/Desktop/RBOT-250/Assignments/RBOT-250_Assignment-3/Assignment_3_ROS/rbot250_A3_ws/src/rbot250', 'symlink_install': False, 'test_result_base': None}
[0.250s] INFO:colcon.colcon_core.executor:Executing jobs using 'parallel' executor
[0.252s] DEBUG:colcon.colcon_parallel_executor.executor.parallel:run_until_complete
[0.252s] INFO:colcon.colcon_ros.task.ament_cmake.build:Building ROS package in '/home/starmaninja/Desktop/RBOT-250/Assignments/RBOT-250_Assignment-3/Assignment_3_ROS/rbot250_A3_ws/src/rbot250' with build type 'ament_cmake'
[0.252s] INFO:colcon.colcon_cmake.task.cmake.build:Building CMake package in '/home/starmaninja/Desktop/RBOT-250/Assignments/RBOT-250_Assignment-3/Assignment_3_ROS/rbot250_A3_ws/src/rbot250'
[0.254s] INFO:colcon.colcon_core.plugin_system:Skipping extension 'colcon_core.shell.bat': Not used on non-Windows systems
[0.255s] INFO:colcon.colcon_core.shell:Skip shell extension 'powershell' for command environment: Not usable outside of PowerShell
[0.255s] DEBUG:colcon.colcon_core.shell:Skip shell extension 'dsv' for command environment
[0.256s] DEBUG:colcon.colcon_core.shell:Ignoring prefix path '/opt/ros/rolling'
[0.264s] DEBUG:colcon.colcon_core.event_handler.log_command:Invoking command in '/home/starmaninja/Desktop/RBOT-250/Assignments/RBOT-250_Assignment-3/Assignment_3_ROS/rbot250_A3_ws/src/rbot250/build/rbot250': CMAKE_PREFIX_PATH=/opt/ros/rolling /usr/bin/cmake --build /home/starmaninja/Desktop/RBOT-250/Assignments/RBOT-250_Assignment-3/Assignment_3_ROS/rbot250_A3_ws/src/rbot250/build/rbot250 -- -j4 -l4
[3.345s] DEBUG:colcon.colcon_core.event_handler.log_command:Invoked command in '/home/starmaninja/Desktop/RBOT-250/Assignments/RBOT-250_Assignment-3/Assignment_3_ROS/rbot250_A3_ws/src/rbot250/build/rbot250' returned '0': CMAKE_PREFIX_PATH=/opt/ros/rolling /usr/bin/cmake --build /home/starmaninja/Desktop/RBOT-250/Assignments/RBOT-250_Assignment-3/Assignment_3_ROS/rbot250_A3_ws/src/rbot250/build/rbot250 -- -j4 -l4
[3.369s] DEBUG:colcon.colcon_core.event_handler.log_command:Invoking command in '/home/starmaninja/Desktop/RBOT-250/Assignments/RBOT-250_Assignment-3/Assignment_3_ROS/rbot250_A3_ws/src/rbot250/build/rbot250': CMAKE_PREFIX_PATH=/opt/ros/rolling /usr/bin/cmake --install /home/starmaninja/Desktop/RBOT-250/Assignments/RBOT-250_Assignment-3/Assignment_3_ROS/rbot250_A3_ws/src/rbot250/build/rbot250
[3.377s] Level 1:colcon.colcon_core.environment:create_environment_scripts_only(rbot250)
[3.378s] DEBUG:colcon.colcon_core.event_handler.log_command:Invoked command in '/home/starmaninja/Desktop/RBOT-250/Assignments/RBOT-250_Assignment-3/Assignment_3_ROS/rbot250_A3_ws/src/rbot250/build/rbot250' returned '0': CMAKE_PREFIX_PATH=/opt/ros/rolling /usr/bin/cmake --install /home/starmaninja/Desktop/RBOT-250/Assignments/RBOT-250_Assignment-3/Assignment_3_ROS/rbot250_A3_ws/src/rbot250/build/rbot250
[3.380s] Level 1:colcon.colcon_core.environment:checking '/home/starmaninja/Desktop/RBOT-250/Assignments/RBOT-250_Assignment-3/Assignment_3_ROS/rbot250_A3_ws/src/rbot250/install/rbot250' for CMake module files
[3.380s] Level 1:colcon.colcon_core.environment:checking '/home/starmaninja/Desktop/RBOT-250/Assignments/RBOT-250_Assignment-3/Assignment_3_ROS/rbot250_A3_ws/src/rbot250/install/rbot250' for CMake config files
[3.380s] Level 1:colcon.colcon_core.shell:create_environment_hook('rbot250', 'cmake_prefix_path')
[3.381s] INFO:colcon.colcon_core.shell:Creating environment hook '/home/starmaninja/Desktop/RBOT-250/Assignments/RBOT-250_Assignment-3/Assignment_3_ROS/rbot250_A3_ws/src/rbot250/install/rbot250/share/rbot250/hook/cmake_prefix_path.ps1'
[3.382s] INFO:colcon.colcon_core.shell:Creating environment descriptor '/home/starmaninja/Desktop/RBOT-250/Assignments/RBOT-250_Assignment-3/Assignment_3_ROS/rbot250_A3_ws/src/rbot250/install/rbot250/share/rbot250/hook/cmake_prefix_path.dsv'
[3.382s] INFO:colcon.colcon_core.shell:Creating environment hook '/home/starmaninja/Desktop/RBOT-250/Assignments/RBOT-250_Assignment-3/Assignment_3_ROS/rbot250_A3_ws/src/rbot250/install/rbot250/share/rbot250/hook/cmake_prefix_path.sh'
[3.384s] Level 1:colcon.colcon_core.environment:checking '/home/starmaninja/Desktop/RBOT-250/Assignments/RBOT-250_Assignment-3/Assignment_3_ROS/rbot250_A3_ws/src/rbot250/install/rbot250/lib'
[3.384s] Level 1:colcon.colcon_core.environment:checking '/home/starmaninja/Desktop/RBOT-250/Assignments/RBOT-250_Assignment-3/Assignment_3_ROS/rbot250_A3_ws/src/rbot250/install/rbot250/bin'
[3.384s] Level 1:colcon.colcon_core.environment:checking '/home/starmaninja/Desktop/RBOT-250/Assignments/RBOT-250_Assignment-3/Assignment_3_ROS/rbot250_A3_ws/src/rbot250/install/rbot250/lib/pkgconfig/rbot250.pc'
[3.384s] Level 1:colcon.colcon_core.environment:checking '/home/starmaninja/Desktop/RBOT-250/Assignments/RBOT-250_Assignment-3/Assignment_3_ROS/rbot250_A3_ws/src/rbot250/install/rbot250/lib/python3.8/site-packages'
[3.385s] INFO:colcon.colcon_core.shell:Creating package script '/home/starmaninja/Desktop/RBOT-250/Assignments/RBOT-250_Assignment-3/Assignment_3_ROS/rbot250_A3_ws/src/rbot250/install/rbot250/share/rbot250/package.ps1'
[3.385s] INFO:colcon.colcon_core.shell:Creating package descriptor '/home/starmaninja/Desktop/RBOT-250/Assignments/RBOT-250_Assignment-3/Assignment_3_ROS/rbot250_A3_ws/src/rbot250/install/rbot250/share/rbot250/package.dsv'
[3.386s] INFO:colcon.colcon_core.shell:Creating package script '/home/starmaninja/Desktop/RBOT-250/Assignments/RBOT-250_Assignment-3/Assignment_3_ROS/rbot250_A3_ws/src/rbot250/install/rbot250/share/rbot250/package.sh'
[3.386s] INFO:colcon.colcon_core.shell:Creating package script '/home/starmaninja/Desktop/RBOT-250/Assignments/RBOT-250_Assignment-3/Assignment_3_ROS/rbot250_A3_ws/src/rbot250/install/rbot250/share/rbot250/package.bash'
[3.387s] INFO:colcon.colcon_core.shell:Creating package script '/home/starmaninja/Desktop/RBOT-250/Assignments/RBOT-250_Assignment-3/Assignment_3_ROS/rbot250_A3_ws/src/rbot250/install/rbot250/share/rbot250/package.zsh'
[3.387s] Level 1:colcon.colcon_core.environment:create_file_with_runtime_dependencies(/home/starmaninja/Desktop/RBOT-250/Assignments/RBOT-250_Assignment-3/Assignment_3_ROS/rbot250_A3_ws/src/rbot250/install/rbot250/share/colcon-core/packages/rbot250)
[3.405s] Level 1:colcon.colcon_core.environment:create_environment_scripts_only(rbot250)
[3.405s] Level 1:colcon.colcon_core.environment:checking '/home/starmaninja/Desktop/RBOT-250/Assignments/RBOT-250_Assignment-3/Assignment_3_ROS/rbot250_A3_ws/src/rbot250/install/rbot250' for CMake module files
[3.406s] Level 1:colcon.colcon_core.environment:checking '/home/starmaninja/Desktop/RBOT-250/Assignments/RBOT-250_Assignment-3/Assignment_3_ROS/rbot250_A3_ws/src/rbot250/install/rbot250' for CMake config files
[3.406s] Level 1:colcon.colcon_core.shell:create_environment_hook('rbot250', 'cmake_prefix_path')
[3.406s] INFO:colcon.colcon_core.shell:Creating environment hook '/home/starmaninja/Desktop/RBOT-250/Assignments/RBOT-250_Assignment-3/Assignment_3_ROS/rbot250_A3_ws/src/rbot250/install/rbot250/share/rbot250/hook/cmake_prefix_path.ps1'
[3.406s] INFO:colcon.colcon_core.shell:Creating environment descriptor '/home/starmaninja/Desktop/RBOT-250/Assignments/RBOT-250_Assignment-3/Assignment_3_ROS/rbot250_A3_ws/src/rbot250/install/rbot250/share/rbot250/hook/cmake_prefix_path.dsv'
[3.407s] INFO:colcon.colcon_core.shell:Creating environment hook '/home/starmaninja/Desktop/RBOT-250/Assignments/RBOT-250_Assignment-3/Assignment_3_ROS/rbot250_A3_ws/src/rbot250/install/rbot250/share/rbot250/hook/cmake_prefix_path.sh'
[3.407s] Level 1:colcon.colcon_core.environment:checking '/home/starmaninja/Desktop/RBOT-250/Assignments/RBOT-250_Assignment-3/Assignment_3_ROS/rbot250_A3_ws/src/rbot250/install/rbot250/lib'
[3.407s] Level 1:colcon.colcon_core.environment:checking '/home/starmaninja/Desktop/RBOT-250/Assignments/RBOT-250_Assignment-3/Assignment_3_ROS/rbot250_A3_ws/src/rbot250/install/rbot250/bin'
[3.407s] Level 1:colcon.colcon_core.environment:checking '/home/starmaninja/Desktop/RBOT-250/Assignments/RBOT-250_Assignment-3/Assignment_3_ROS/rbot250_A3_ws/src/rbot250/install/rbot250/lib/pkgconfig/rbot250.pc'
[3.407s] Level 1:colcon.colcon_core.environment:checking '/home/starmaninja/Desktop/RBOT-250/Assignments/RBOT-250_Assignment-3/Assignment_3_ROS/rbot250_A3_ws/src/rbot250/install/rbot250/lib/python3.8/site-packages'
[3.408s] INFO:colcon.colcon_core.shell:Creating package script '/home/starmaninja/Desktop/RBOT-250/Assignments/RBOT-250_Assignment-3/Assignment_3_ROS/rbot250_A3_ws/src/rbot250/install/rbot250/share/rbot250/package.ps1'
[3.408s] INFO:colcon.colcon_core.shell:Creating package descriptor '/home/starmaninja/Desktop/RBOT-250/Assignments/RBOT-250_Assignment-3/Assignment_3_ROS/rbot250_A3_ws/src/rbot250/install/rbot250/share/rbot250/package.dsv'
[3.408s] INFO:colcon.colcon_core.shell:Creating package script '/home/starmaninja/Desktop/RBOT-250/Assignments/RBOT-250_Assignment-3/Assignment_3_ROS/rbot250_A3_ws/src/rbot250/install/rbot250/share/rbot250/package.sh'
[3.409s] INFO:colcon.colcon_core.shell:Creating package script '/home/starmaninja/Desktop/RBOT-250/Assignments/RBOT-250_Assignment-3/Assignment_3_ROS/rbot250_A3_ws/src/rbot250/install/rbot250/share/rbot250/package.bash'
[3.409s] INFO:colcon.colcon_core.shell:Creating package script '/home/starmaninja/Desktop/RBOT-250/Assignments/RBOT-250_Assignment-3/Assignment_3_ROS/rbot250_A3_ws/src/rbot250/install/rbot250/share/rbot250/package.zsh'
[3.409s] Level 1:colcon.colcon_core.environment:create_file_with_runtime_dependencies(/home/starmaninja/Desktop/RBOT-250/Assignments/RBOT-250_Assignment-3/Assignment_3_ROS/rbot250_A3_ws/src/rbot250/install/rbot250/share/colcon-core/packages/rbot250)
[3.410s] DEBUG:colcon.colcon_parallel_executor.executor.parallel:closing loop
[3.410s] DEBUG:colcon.colcon_parallel_executor.executor.parallel:loop closed
[3.410s] DEBUG:colcon.colcon_parallel_executor.executor.parallel:run_until_complete finished with '0'
[3.410s] DEBUG:colcon.colcon_core.event_reactor:joining thread
[3.414s] INFO:colcon.colcon_core.plugin_system:Skipping extension 'colcon_notification.desktop_notification.terminal_notifier': Not used on non-Darwin systems
[3.414s] INFO:colcon.colcon_core.plugin_system:Skipping extension 'colcon_notification.desktop_notification.win32': Not used on non-Windows systems
[3.414s] INFO:colcon.colcon_notification.desktop_notification:Sending desktop notification using 'notify2'
[3.425s] DEBUG:colcon.colcon_core.event_reactor:joined thread
[3.426s] INFO:colcon.colcon_core.shell:Creating prefix script '/home/starmaninja/Desktop/RBOT-250/Assignments/RBOT-250_Assignment-3/Assignment_3_ROS/rbot250_A3_ws/src/rbot250/install/local_setup.ps1'
[3.427s] INFO:colcon.colcon_core.shell:Creating prefix util module '/home/starmaninja/Desktop/RBOT-250/Assignments/RBOT-250_Assignment-3/Assignment_3_ROS/rbot250_A3_ws/src/rbot250/install/_local_setup_util_ps1.py'
[3.427s] INFO:colcon.colcon_core.shell:Creating prefix chain script '/home/starmaninja/Desktop/RBOT-250/Assignments/RBOT-250_Assignment-3/Assignment_3_ROS/rbot250_A3_ws/src/rbot250/install/setup.ps1'
[3.429s] INFO:colcon.colcon_core.shell:Creating prefix script '/home/starmaninja/Desktop/RBOT-250/Assignments/RBOT-250_Assignment-3/Assignment_3_ROS/rbot250_A3_ws/src/rbot250/install/local_setup.sh'
[3.429s] INFO:colcon.colcon_core.shell:Creating prefix util module '/home/starmaninja/Desktop/RBOT-250/Assignments/RBOT-250_Assignment-3/Assignment_3_ROS/rbot250_A3_ws/src/rbot250/install/_local_setup_util_sh.py'
[3.430s] INFO:colcon.colcon_core.shell:Creating prefix chain script '/home/starmaninja/Desktop/RBOT-250/Assignments/RBOT-250_Assignment-3/Assignment_3_ROS/rbot250_A3_ws/src/rbot250/install/setup.sh'
[3.432s] INFO:colcon.colcon_core.shell:Creating prefix script '/home/starmaninja/Desktop/RBOT-250/Assignments/RBOT-250_Assignment-3/Assignment_3_ROS/rbot250_A3_ws/src/rbot250/install/local_setup.bash'
[3.432s] INFO:colcon.colcon_core.shell:Creating prefix chain script '/home/starmaninja/Desktop/RBOT-250/Assignments/RBOT-250_Assignment-3/Assignment_3_ROS/rbot250_A3_ws/src/rbot250/install/setup.bash'
[3.433s] INFO:colcon.colcon_core.shell:Creating prefix script '/home/starmaninja/Desktop/RBOT-250/Assignments/RBOT-250_Assignment-3/Assignment_3_ROS/rbot250_A3_ws/src/rbot250/install/local_setup.zsh'
[3.434s] INFO:colcon.colcon_core.shell:Creating prefix chain script '/home/starmaninja/Desktop/RBOT-250/Assignments/RBOT-250_Assignment-3/Assignment_3_ROS/rbot250_A3_ws/src/rbot250/install/setup.zsh'
