-- Found ament_cmake: 1.1.4 (/opt/ros/rolling/share/ament_cmake/cmake)
-- Using PYTHON_EXECUTABLE: /usr/bin/python3
-- Found rclcpp: 13.0.0 (/opt/ros/rolling/share/rclcpp/cmake)
-- Using all available rosidl_typesupport_c: rosidl_typesupport_fastrtps_c;rosidl_typesupport_introspection_c
-- Found rosidl_adapter: 2.5.0 (/opt/ros/rolling/share/rosidl_adapter/cmake)
-- Using all available rosidl_typesupport_cpp: rosidl_typesupport_fastrtps_cpp;rosidl_typesupport_introspection_cpp
-- Found rmw_implementation_cmake: 5.0.0 (/opt/ros/rolling/share/rmw_implementation_cmake/cmake)
-- Found rmw_cyclonedds_cpp: 0.24.0 (/opt/ros/rolling/share/rmw_cyclonedds_cpp/cmake)
-- Using RMW implementation 'rmw_cyclonedds_cpp' as default
-- Found rclpy: 3.0.1 (/opt/ros/rolling/share/rclpy/cmake)
-- Found geometry_msgs: 3.0.0 (/opt/ros/rolling/share/geometry_msgs/cmake)
-- Found tf2: 0.18.0 (/opt/ros/rolling/share/tf2/cmake)
-- Found tf2_ros: 0.18.0 (/opt/ros/rolling/share/tf2_ros/cmake)
-- Found turtlesim: 1.3.3 (/home/starmaninja/Desktop/RBOT-250/Assignments/RBOT-250_Assignment-3/Assignment_3_ROS/rbot250_A3_ws/install/turtlesim/share/turtlesim/cmake)
-- Configuring done
-- Generating done
-- Build files have been written to: /home/starmaninja/Desktop/RBOT-250/Assignments/RBOT-250_Assignment-3/Assignment_3_ROS/rbot250_A3_ws/build/rbot250
[  0%] Built target ament_cmake_python_symlink_rbot250
[100%] Built target rbot250_tf_broadcaster
running egg_info
writing rbot250.egg-info/PKG-INFO
writing dependency_links to rbot250.egg-info/dependency_links.txt
writing top-level names to rbot250.egg-info/top_level.txt
reading manifest file 'rbot250.egg-info/SOURCES.txt'
writing manifest file 'rbot250.egg-info/SOURCES.txt'
[100%] Built target ament_cmake_python_build_rbot250_egg
-- Install configuration: ""
-- Up-to-date: /home/starmaninja/Desktop/RBOT-250/Assignments/RBOT-250_Assignment-3/Assignment_3_ROS/rbot250_A3_ws/install/rbot250/lib/rbot250/rbot250_tf_broadcaster
-- Up-to-date: /home/starmaninja/Desktop/RBOT-250/Assignments/RBOT-250_Assignment-3/Assignment_3_ROS/rbot250_A3_ws/install/rbot250/share/rbot250/environment/pythonpath.sh
-- Installing: /home/starmaninja/Desktop/RBOT-250/Assignments/RBOT-250_Assignment-3/Assignment_3_ROS/rbot250_A3_ws/install/rbot250/share/rbot250/environment/pythonpath.dsv
-- Up-to-date: /home/starmaninja/Desktop/RBOT-250/Assignments/RBOT-250_Assignment-3/Assignment_3_ROS/rbot250_A3_ws/install/rbot250/lib/python3.8/site-packages//rbot250.egg-info
-- Installing: /home/starmaninja/Desktop/RBOT-250/Assignments/RBOT-250_Assignment-3/Assignment_3_ROS/rbot250_A3_ws/install/rbot250/lib/python3.8/site-packages//rbot250.egg-info/PKG-INFO
-- Installing: /home/starmaninja/Desktop/RBOT-250/Assignments/RBOT-250_Assignment-3/Assignment_3_ROS/rbot250_A3_ws/install/rbot250/lib/python3.8/site-packages//rbot250.egg-info/SOURCES.txt
-- Installing: /home/starmaninja/Desktop/RBOT-250/Assignments/RBOT-250_Assignment-3/Assignment_3_ROS/rbot250_A3_ws/install/rbot250/lib/python3.8/site-packages//rbot250.egg-info/dependency_links.txt
-- Installing: /home/starmaninja/Desktop/RBOT-250/Assignments/RBOT-250_Assignment-3/Assignment_3_ROS/rbot250_A3_ws/install/rbot250/lib/python3.8/site-packages//rbot250.egg-info/top_level.txt
-- Up-to-date: /home/starmaninja/Desktop/RBOT-250/Assignments/RBOT-250_Assignment-3/Assignment_3_ROS/rbot250_A3_ws/install/rbot250/lib/python3.8/site-packages/rbot250
-- Up-to-date: /home/starmaninja/Desktop/RBOT-250/Assignments/RBOT-250_Assignment-3/Assignment_3_ROS/rbot250_A3_ws/install/rbot250/lib/python3.8/site-packages/rbot250/__init__.py
-- Up-to-date: /home/starmaninja/Desktop/RBOT-250/Assignments/RBOT-250_Assignment-3/Assignment_3_ROS/rbot250_A3_ws/install/rbot250/lib/python3.8/site-packages/rbot250/module_to_import.py
Listing '/home/starmaninja/Desktop/RBOT-250/Assignments/RBOT-250_Assignment-3/Assignment_3_ROS/rbot250_A3_ws/install/rbot250/lib/python3.8/site-packages/rbot250'...
-- Up-to-date: /home/starmaninja/Desktop/RBOT-250/Assignments/RBOT-250_Assignment-3/Assignment_3_ROS/rbot250_A3_ws/install/rbot250/lib/rbot250/rbot250_tf2_listener.py
-- Installing: /home/starmaninja/Desktop/RBOT-250/Assignments/RBOT-250_Assignment-3/Assignment_3_ROS/rbot250_A3_ws/install/rbot250/lib/rbot250/rbot250_tf2_subscriber.py
-- Up-to-date: /home/starmaninja/Desktop/RBOT-250/Assignments/RBOT-250_Assignment-3/Assignment_3_ROS/rbot250_A3_ws/install/rbot250/share/ament_index/resource_index/package_run_dependencies/rbot250
-- Up-to-date: /home/starmaninja/Desktop/RBOT-250/Assignments/RBOT-250_Assignment-3/Assignment_3_ROS/rbot250_A3_ws/install/rbot250/share/ament_index/resource_index/parent_prefix_path/rbot250
-- Up-to-date: /home/starmaninja/Desktop/RBOT-250/Assignments/RBOT-250_Assignment-3/Assignment_3_ROS/rbot250_A3_ws/install/rbot250/share/rbot250/environment/ament_prefix_path.sh
-- Installing: /home/starmaninja/Desktop/RBOT-250/Assignments/RBOT-250_Assignment-3/Assignment_3_ROS/rbot250_A3_ws/install/rbot250/share/rbot250/environment/ament_prefix_path.dsv
-- Up-to-date: /home/starmaninja/Desktop/RBOT-250/Assignments/RBOT-250_Assignment-3/Assignment_3_ROS/rbot250_A3_ws/install/rbot250/share/rbot250/environment/path.sh
-- Installing: /home/starmaninja/Desktop/RBOT-250/Assignments/RBOT-250_Assignment-3/Assignment_3_ROS/rbot250_A3_ws/install/rbot250/share/rbot250/environment/path.dsv
-- Up-to-date: /home/starmaninja/Desktop/RBOT-250/Assignments/RBOT-250_Assignment-3/Assignment_3_ROS/rbot250_A3_ws/install/rbot250/share/rbot250/local_setup.bash
-- Up-to-date: /home/starmaninja/Desktop/RBOT-250/Assignments/RBOT-250_Assignment-3/Assignment_3_ROS/rbot250_A3_ws/install/rbot250/share/rbot250/local_setup.sh
-- Up-to-date: /home/starmaninja/Desktop/RBOT-250/Assignments/RBOT-250_Assignment-3/Assignment_3_ROS/rbot250_A3_ws/install/rbot250/share/rbot250/local_setup.zsh
-- Installing: /home/starmaninja/Desktop/RBOT-250/Assignments/RBOT-250_Assignment-3/Assignment_3_ROS/rbot250_A3_ws/install/rbot250/share/rbot250/local_setup.dsv
-- Installing: /home/starmaninja/Desktop/RBOT-250/Assignments/RBOT-250_Assignment-3/Assignment_3_ROS/rbot250_A3_ws/install/rbot250/share/rbot250/package.dsv
-- Up-to-date: /home/starmaninja/Desktop/RBOT-250/Assignments/RBOT-250_Assignment-3/Assignment_3_ROS/rbot250_A3_ws/install/rbot250/share/ament_index/resource_index/packages/rbot250
-- Up-to-date: /home/starmaninja/Desktop/RBOT-250/Assignments/RBOT-250_Assignment-3/Assignment_3_ROS/rbot250_A3_ws/install/rbot250/share/rbot250/cmake/rbot250Config.cmake
-- Up-to-date: /home/starmaninja/Desktop/RBOT-250/Assignments/RBOT-250_Assignment-3/Assignment_3_ROS/rbot250_A3_ws/install/rbot250/share/rbot250/cmake/rbot250Config-version.cmake
-- Up-to-date: /home/starmaninja/Desktop/RBOT-250/Assignments/RBOT-250_Assignment-3/Assignment_3_ROS/rbot250_A3_ws/install/rbot250/share/rbot250/package.xml
