[0.015s] Invoking command in '/home/starmaninja/Desktop/RBOT-250/Assignments/RBOT-250_Assignment-3/Assignment_3_ROS/rbot250_A3_ws/src/rbot250/build/rbot250': CMAKE_PREFIX_PATH=/opt/ros/rolling /usr/bin/cmake /home/starmaninja/Desktop/RBOT-250/Assignments/RBOT-250_Assignment-3/Assignment_3_ROS/rbot250_A3_ws/src/rbot250 -DCMAKE_INSTALL_PREFIX=/home/starmaninja/Desktop/RBOT-250/Assignments/RBOT-250_Assignment-3/Assignment_3_ROS/rbot250_A3_ws/src/rbot250/install/rbot250
[0.192s] -- The C compiler identification is GNU 9.3.0
[0.304s] -- The CXX compiler identification is GNU 9.3.0
[0.313s] -- Check for working C compiler: /usr/bin/cc
[0.368s] -- Check for working C compiler: /usr/bin/cc -- works
[0.372s] -- Detecting C compiler ABI info
[0.419s] -- Detecting C compiler ABI info - done
[0.428s] -- Detecting C compile features
[0.428s] -- Detecting C compile features - done
[0.431s] -- Check for working CXX compiler: /usr/bin/c++
[0.490s] -- Check for working CXX compiler: /usr/bin/c++ -- works
[0.491s] -- Detecting CXX compiler ABI info
[0.551s] -- Detecting CXX compiler ABI info - done
[0.560s] -- Detecting CXX compile features
[0.560s] -- Detecting CXX compile features - done
[0.564s] -- Found ament_cmake: 1.1.4 (/opt/ros/rolling/share/ament_cmake/cmake)
[0.588s] -- Found PythonInterp: /usr/bin/python3 (found suitable version "3.8.10", minimum required is "3") 
[0.588s] -- Using PYTHON_EXECUTABLE: /usr/bin/python3
[0.670s] -- Found geometry_msgs: 3.0.0 (/opt/ros/rolling/share/geometry_msgs/cmake)
[0.705s] -- Using all available rosidl_typesupport_c: rosidl_typesupport_fastrtps_c;rosidl_typesupport_introspection_c
[0.714s] -- Found rosidl_adapter: 2.5.0 (/opt/ros/rolling/share/rosidl_adapter/cmake)
[0.769s] -- Using all available rosidl_typesupport_cpp: rosidl_typesupport_fastrtps_cpp;rosidl_typesupport_introspection_cpp
[0.855s] -- Found rclcpp: 13.0.0 (/opt/ros/rolling/share/rclcpp/cmake)
[0.914s] -- Found rmw_implementation_cmake: 5.0.0 (/opt/ros/rolling/share/rmw_implementation_cmake/cmake)
[0.917s] -- Found rmw_cyclonedds_cpp: 0.24.0 (/opt/ros/rolling/share/rmw_cyclonedds_cpp/cmake)
[0.941s] -- Using RMW implementation 'rmw_cyclonedds_cpp' as default
[0.943s] -- Looking for pthread.h
[1.007s] -- Looking for pthread.h - found
[1.008s] -- Performing Test CMAKE_HAVE_LIBC_PTHREAD
[1.071s] -- Performing Test CMAKE_HAVE_LIBC_PTHREAD - Failed
[1.071s] -- Looking for pthread_create in pthreads
[1.118s] -- Looking for pthread_create in pthreads - not found
[1.118s] -- Looking for pthread_create in pthread
[1.175s] -- Looking for pthread_create in pthread - found
[1.176s] -- Found Threads: TRUE  
[1.319s] -- Found tf2: 0.18.0 (/opt/ros/rolling/share/tf2/cmake)
[1.332s] -- Found tf2_ros: 0.18.0 (/opt/ros/rolling/share/tf2_ros/cmake)
[1.667s] -- Found turtlesim: 1.3.2 (/opt/ros/rolling/share/turtlesim/cmake)
[1.773s] -- Configuring done
[1.774s] CMake Error at CMakeLists.txt:16 (add_executable):
[1.774s]   Cannot find source file:
[1.774s] 
[1.774s]     src/rbot250_tf_broadcaster.cpp
[1.774s] 
[1.774s]   Tried extensions .c .C .c++ .cc .cpp .cxx .cu .m .M .mm .h .hh .h++ .hm
[1.774s]   .hpp .hxx .in .txx
[1.774s] 
[1.774s] 
[1.776s] CMake Error at CMakeLists.txt:16 (add_executable):
[1.776s]   No SOURCES given to target: rbot250_tf_broadcaster
[1.776s] 
[1.776s] 
[1.776s] CMake Generate step failed.  Build files cannot be regenerated correctly.
[1.782s] Invoked command in '/home/starmaninja/Desktop/RBOT-250/Assignments/RBOT-250_Assignment-3/Assignment_3_ROS/rbot250_A3_ws/src/rbot250/build/rbot250' returned '1': CMAKE_PREFIX_PATH=/opt/ros/rolling /usr/bin/cmake /home/starmaninja/Desktop/RBOT-250/Assignments/RBOT-250_Assignment-3/Assignment_3_ROS/rbot250_A3_ws/src/rbot250 -DCMAKE_INSTALL_PREFIX=/home/starmaninja/Desktop/RBOT-250/Assignments/RBOT-250_Assignment-3/Assignment_3_ROS/rbot250_A3_ws/src/rbot250/install/rbot250
