-- Found ament_cmake: 1.1.4 (/opt/ros/rolling/share/ament_cmake/cmake)
-- Using PYTHON_EXECUTABLE: /usr/bin/python3
-- Found geometry_msgs: 3.0.0 (/opt/ros/rolling/share/geometry_msgs/cmake)
-- Using all available rosidl_typesupport_c: rosidl_typesupport_fastrtps_c;rosidl_typesupport_introspection_c
-- Found rosidl_adapter: 2.5.0 (/opt/ros/rolling/share/rosidl_adapter/cmake)
-- Using all available rosidl_typesupport_cpp: rosidl_typesupport_fastrtps_cpp;rosidl_typesupport_introspection_cpp
-- Found rclcpp: 13.0.0 (/opt/ros/rolling/share/rclcpp/cmake)
-- Found rmw_implementation_cmake: 5.0.0 (/opt/ros/rolling/share/rmw_implementation_cmake/cmake)
-- Found rmw_cyclonedds_cpp: 0.24.0 (/opt/ros/rolling/share/rmw_cyclonedds_cpp/cmake)
-- Using RMW implementation 'rmw_cyclonedds_cpp' as default
-- Found rclpy: 3.0.1 (/opt/ros/rolling/share/rclpy/cmake)
-- Found sensor_msgs: 3.0.0 (/opt/ros/rolling/share/sensor_msgs/cmake)
-- Found trajectory_msgs: 3.0.0 (/opt/ros/rolling/share/trajectory_msgs/cmake)
-- Configuring done
-- Generating done
-- Build files have been written to: /home/starmaninja/Desktop/RBOT-250/Assignments/RBOT-250_Assignment-3/Assignment_3_ROS/rbot250_A3_ws/build/rbot250
[35m[1mScanning dependencies of target listener[0m
[35m[1mScanning dependencies of target t_publisher[0m
[ 50%] [32mBuilding CXX object CMakeFiles/t_publisher.dir/src/publisher_member_function.cpp.o[0m
[ 50%] [32mBuilding CXX object CMakeFiles/listener.dir/src/subscriber_member_function.cpp.o[0m
[ 75%] [32m[1mLinking CXX executable t_publisher[0m
[ 75%] Built target t_publisher
[100%] [32m[1mLinking CXX executable listener[0m
[100%] Built target listener
-- Install configuration: ""
-- Installing: /home/starmaninja/Desktop/RBOT-250/Assignments/RBOT-250_Assignment-3/Assignment_3_ROS/rbot250_A3_ws/install/rbot250/lib/rbot250/t_publisher
-- Set runtime path of "/home/starmaninja/Desktop/RBOT-250/Assignments/RBOT-250_Assignment-3/Assignment_3_ROS/rbot250_A3_ws/install/rbot250/lib/rbot250/t_publisher" to ""
-- Installing: /home/starmaninja/Desktop/RBOT-250/Assignments/RBOT-250_Assignment-3/Assignment_3_ROS/rbot250_A3_ws/install/rbot250/lib/rbot250/listener
-- Set runtime path of "/home/starmaninja/Desktop/RBOT-250/Assignments/RBOT-250_Assignment-3/Assignment_3_ROS/rbot250_A3_ws/install/rbot250/lib/rbot250/listener" to ""
-- Installing: /home/starmaninja/Desktop/RBOT-250/Assignments/RBOT-250_Assignment-3/Assignment_3_ROS/rbot250_A3_ws/install/rbot250/share/ament_index/resource_index/package_run_dependencies/rbot250
-- Installing: /home/starmaninja/Desktop/RBOT-250/Assignments/RBOT-250_Assignment-3/Assignment_3_ROS/rbot250_A3_ws/install/rbot250/share/ament_index/resource_index/parent_prefix_path/rbot250
-- Up-to-date: /home/starmaninja/Desktop/RBOT-250/Assignments/RBOT-250_Assignment-3/Assignment_3_ROS/rbot250_A3_ws/install/rbot250/share/rbot250/environment/ament_prefix_path.sh
-- Installing: /home/starmaninja/Desktop/RBOT-250/Assignments/RBOT-250_Assignment-3/Assignment_3_ROS/rbot250_A3_ws/install/rbot250/share/rbot250/environment/ament_prefix_path.dsv
-- Up-to-date: /home/starmaninja/Desktop/RBOT-250/Assignments/RBOT-250_Assignment-3/Assignment_3_ROS/rbot250_A3_ws/install/rbot250/share/rbot250/environment/path.sh
-- Installing: /home/starmaninja/Desktop/RBOT-250/Assignments/RBOT-250_Assignment-3/Assignment_3_ROS/rbot250_A3_ws/install/rbot250/share/rbot250/environment/path.dsv
-- Up-to-date: /home/starmaninja/Desktop/RBOT-250/Assignments/RBOT-250_Assignment-3/Assignment_3_ROS/rbot250_A3_ws/install/rbot250/share/rbot250/local_setup.bash
-- Up-to-date: /home/starmaninja/Desktop/RBOT-250/Assignments/RBOT-250_Assignment-3/Assignment_3_ROS/rbot250_A3_ws/install/rbot250/share/rbot250/local_setup.sh
-- Up-to-date: /home/starmaninja/Desktop/RBOT-250/Assignments/RBOT-250_Assignment-3/Assignment_3_ROS/rbot250_A3_ws/install/rbot250/share/rbot250/local_setup.zsh
-- Installing: /home/starmaninja/Desktop/RBOT-250/Assignments/RBOT-250_Assignment-3/Assignment_3_ROS/rbot250_A3_ws/install/rbot250/share/rbot250/local_setup.dsv
-- Installing: /home/starmaninja/Desktop/RBOT-250/Assignments/RBOT-250_Assignment-3/Assignment_3_ROS/rbot250_A3_ws/install/rbot250/share/rbot250/package.dsv
-- Up-to-date: /home/starmaninja/Desktop/RBOT-250/Assignments/RBOT-250_Assignment-3/Assignment_3_ROS/rbot250_A3_ws/install/rbot250/share/ament_index/resource_index/packages/rbot250
-- Up-to-date: /home/starmaninja/Desktop/RBOT-250/Assignments/RBOT-250_Assignment-3/Assignment_3_ROS/rbot250_A3_ws/install/rbot250/share/rbot250/cmake/rbot250Config.cmake
-- Up-to-date: /home/starmaninja/Desktop/RBOT-250/Assignments/RBOT-250_Assignment-3/Assignment_3_ROS/rbot250_A3_ws/install/rbot250/share/rbot250/cmake/rbot250Config-version.cmake
-- Installing: /home/starmaninja/Desktop/RBOT-250/Assignments/RBOT-250_Assignment-3/Assignment_3_ROS/rbot250_A3_ws/install/rbot250/share/rbot250/package.xml
