[0.015s] Invoking command in '/home/starmaninja/Desktop/RBOT-250/Assignments/RBOT-250_Assignment-3/Assignment_3_ROS/rbot250_A3_ws/build/rbot250': CMAKE_PREFIX_PATH=${CMAKE_PREFIX_PATH}:/opt/ros/rolling /usr/bin/cmake --build /home/starmaninja/Desktop/RBOT-250/Assignments/RBOT-250_Assignment-3/Assignment_3_ROS/rbot250_A3_ws/build/rbot250 -- -j4 -l4
[0.079s] -- Found ament_cmake: 1.1.4 (/opt/ros/rolling/share/ament_cmake/cmake)
[0.100s] -- Using PYTHON_EXECUTABLE: /usr/bin/python3
[0.166s] -- Found geometry_msgs: 3.0.0 (/opt/ros/rolling/share/geometry_msgs/cmake)
[0.194s] -- Using all available rosidl_typesupport_c: rosidl_typesupport_fastrtps_c;rosidl_typesupport_introspection_c
[0.200s] -- Found rosidl_adapter: 2.5.0 (/opt/ros/rolling/share/rosidl_adapter/cmake)
[0.247s] -- Using all available rosidl_typesupport_cpp: rosidl_typesupport_fastrtps_cpp;rosidl_typesupport_introspection_cpp
[0.337s] -- Found rclcpp: 13.0.0 (/opt/ros/rolling/share/rclcpp/cmake)
[0.390s] -- Found rmw_implementation_cmake: 5.0.0 (/opt/ros/rolling/share/rmw_implementation_cmake/cmake)
[0.394s] -- Found rmw_cyclonedds_cpp: 0.24.0 (/opt/ros/rolling/share/rmw_cyclonedds_cpp/cmake)
[0.414s] -- Using RMW implementation 'rmw_cyclonedds_cpp' as default
[0.552s] -- Found tf2: 0.18.0 (/opt/ros/rolling/share/tf2/cmake)
[0.565s] -- Found tf2_ros: 0.18.0 (/opt/ros/rolling/share/tf2_ros/cmake)
[0.887s] -- Found turtlesim: 1.3.3 (/home/starmaninja/Desktop/RBOT-250/Assignments/RBOT-250_Assignment-3/Assignment_3_ROS/rbot250_A3_ws/install/turtlesim/share/turtlesim/cmake)
[0.987s] -- Configuring done
[1.005s] -- Generating done
[1.006s] -- Build files have been written to: /home/starmaninja/Desktop/RBOT-250/Assignments/RBOT-250_Assignment-3/Assignment_3_ROS/rbot250_A3_ws/build/rbot250
[1.023s] [35m[1mScanning dependencies of target rbot250_tf_broadcaster[0m
[1.142s] [ 50%] [32mBuilding CXX object CMakeFiles/rbot250_tf_broadcaster.dir/src/rbot250_tf2_broadcaster.cpp.o[0m
[4.132s] [100%] [32m[1mLinking CXX executable rbot250_tf_broadcaster[0m
[4.331s] [100%] Built target rbot250_tf_broadcaster
[4.338s] Invoked command in '/home/starmaninja/Desktop/RBOT-250/Assignments/RBOT-250_Assignment-3/Assignment_3_ROS/rbot250_A3_ws/build/rbot250' returned '0': CMAKE_PREFIX_PATH=${CMAKE_PREFIX_PATH}:/opt/ros/rolling /usr/bin/cmake --build /home/starmaninja/Desktop/RBOT-250/Assignments/RBOT-250_Assignment-3/Assignment_3_ROS/rbot250_A3_ws/build/rbot250 -- -j4 -l4
[4.365s] Invoking command in '/home/starmaninja/Desktop/RBOT-250/Assignments/RBOT-250_Assignment-3/Assignment_3_ROS/rbot250_A3_ws/build/rbot250': CMAKE_PREFIX_PATH=${CMAKE_PREFIX_PATH}:/opt/ros/rolling /usr/bin/cmake --install /home/starmaninja/Desktop/RBOT-250/Assignments/RBOT-250_Assignment-3/Assignment_3_ROS/rbot250_A3_ws/build/rbot250
[4.371s] -- Install configuration: ""
[4.371s] -- Installing: /home/starmaninja/Desktop/RBOT-250/Assignments/RBOT-250_Assignment-3/Assignment_3_ROS/rbot250_A3_ws/install/rbot250/lib/rbot250/rbot250_tf_broadcaster
[4.372s] -- Set runtime path of "/home/starmaninja/Desktop/RBOT-250/Assignments/RBOT-250_Assignment-3/Assignment_3_ROS/rbot250_A3_ws/install/rbot250/lib/rbot250/rbot250_tf_broadcaster" to ""
[4.373s] -- Installing: /home/starmaninja/Desktop/RBOT-250/Assignments/RBOT-250_Assignment-3/Assignment_3_ROS/rbot250_A3_ws/install/rbot250/share/ament_index/resource_index/package_run_dependencies/rbot250
[4.373s] -- Up-to-date: /home/starmaninja/Desktop/RBOT-250/Assignments/RBOT-250_Assignment-3/Assignment_3_ROS/rbot250_A3_ws/install/rbot250/share/ament_index/resource_index/parent_prefix_path/rbot250
[4.373s] -- Up-to-date: /home/starmaninja/Desktop/RBOT-250/Assignments/RBOT-250_Assignment-3/Assignment_3_ROS/rbot250_A3_ws/install/rbot250/share/rbot250/environment/ament_prefix_path.sh
[4.374s] -- Installing: /home/starmaninja/Desktop/RBOT-250/Assignments/RBOT-250_Assignment-3/Assignment_3_ROS/rbot250_A3_ws/install/rbot250/share/rbot250/environment/ament_prefix_path.dsv
[4.374s] -- Up-to-date: /home/starmaninja/Desktop/RBOT-250/Assignments/RBOT-250_Assignment-3/Assignment_3_ROS/rbot250_A3_ws/install/rbot250/share/rbot250/environment/path.sh
[4.374s] -- Installing: /home/starmaninja/Desktop/RBOT-250/Assignments/RBOT-250_Assignment-3/Assignment_3_ROS/rbot250_A3_ws/install/rbot250/share/rbot250/environment/path.dsv
[4.374s] -- Up-to-date: /home/starmaninja/Desktop/RBOT-250/Assignments/RBOT-250_Assignment-3/Assignment_3_ROS/rbot250_A3_ws/install/rbot250/share/rbot250/local_setup.bash
[4.374s] -- Up-to-date: /home/starmaninja/Desktop/RBOT-250/Assignments/RBOT-250_Assignment-3/Assignment_3_ROS/rbot250_A3_ws/install/rbot250/share/rbot250/local_setup.sh
[4.375s] -- Up-to-date: /home/starmaninja/Desktop/RBOT-250/Assignments/RBOT-250_Assignment-3/Assignment_3_ROS/rbot250_A3_ws/install/rbot250/share/rbot250/local_setup.zsh
[4.375s] -- Installing: /home/starmaninja/Desktop/RBOT-250/Assignments/RBOT-250_Assignment-3/Assignment_3_ROS/rbot250_A3_ws/install/rbot250/share/rbot250/local_setup.dsv
[4.375s] -- Installing: /home/starmaninja/Desktop/RBOT-250/Assignments/RBOT-250_Assignment-3/Assignment_3_ROS/rbot250_A3_ws/install/rbot250/share/rbot250/package.dsv
[4.375s] -- Up-to-date: /home/starmaninja/Desktop/RBOT-250/Assignments/RBOT-250_Assignment-3/Assignment_3_ROS/rbot250_A3_ws/install/rbot250/share/ament_index/resource_index/packages/rbot250
[4.376s] -- Up-to-date: /home/starmaninja/Desktop/RBOT-250/Assignments/RBOT-250_Assignment-3/Assignment_3_ROS/rbot250_A3_ws/install/rbot250/share/rbot250/cmake/rbot250Config.cmake
[4.376s] -- Up-to-date: /home/starmaninja/Desktop/RBOT-250/Assignments/RBOT-250_Assignment-3/Assignment_3_ROS/rbot250_A3_ws/install/rbot250/share/rbot250/cmake/rbot250Config-version.cmake
[4.376s] -- Installing: /home/starmaninja/Desktop/RBOT-250/Assignments/RBOT-250_Assignment-3/Assignment_3_ROS/rbot250_A3_ws/install/rbot250/share/rbot250/package.xml
[4.378s] Invoked command in '/home/starmaninja/Desktop/RBOT-250/Assignments/RBOT-250_Assignment-3/Assignment_3_ROS/rbot250_A3_ws/build/rbot250' returned '0': CMAKE_PREFIX_PATH=${CMAKE_PREFIX_PATH}:/opt/ros/rolling /usr/bin/cmake --install /home/starmaninja/Desktop/RBOT-250/Assignments/RBOT-250_Assignment-3/Assignment_3_ROS/rbot250_A3_ws/build/rbot250
